Unity Player [version: Unity 5.5.0f3_38b4efef76f0]

build.exe caused an Access Violation (0xc0000005)
  in module build.exe at 0023:0036626e.

Error occurred at 2016-12-04_215452.
C:\Users\PC\Documents\ProjectY4\Build\build.exe, run by PC.
91% memory in use.
0 MB physical memory [729 MB free].
0 MB paging file [0 MB free].
0 MB user address space [3785 MB free].
Read from location 0000009c caused an access violation.

Context:
EDI:    0x0000000f  ESI: 0x0188f800  EAX:   0x00000000
EBX:    0x00000000  ECX: 0x00000007  EDX:   0x00000000
EIP:    0x0036626e  EBP: 0x0188f75c  SegCs: 0x00000023
EFlags: 0x00210206  ESP: 0x0188f710  SegSs: 0x0000002b

Bytes at CS:EIP:
8b 88 9c 00 00 00 05 84 00 00 00 33 db 6a ff 53 

Stack:
0x0188f710: 0000000f 0188f800 00000000 0188f74c ............L...
0x0188f720: 00000000 012d09d8 0000004b 0188f754 ......-.K...T...
0x0188f730: 002604bb 00000020 00000010 0188f74c ..&. .......L...
0x0188f740: 00000000 012d09d8 0000004b 00000042 ......-.K...B...
0x0188f750: 00000000 0188f78c 002606b6 0188f7b4 ..........&.....
0x0188f760: 00366444 0188f774 00000000 0000000f Dd6.t...........
0x0188f770: 00000000 03e14d60 0188f7bc 0188f764 ....`M......d...
0x0188f780: 0188f7bc 0000001c 0188f7a8 00260abf ..............&.
0x0188f790: 03e1f460 03e14d60 0000001c 0000000f `...`M..........
0x0188f7a0: 0188f800 00000000 0188f824 003666ec ........$....f6.
0x0188f7b0: 0188f7e4 0188f824 003666f1 03e1f460 ....$....f6.`...
0x0188f7c0: 05693a90 107c15e8 0188f824 0000001c .:i...|.$.......
0x0188f7d0: 0000001f 00000000 03e4b770 05693a90 ........p....:i.
0x0188f7e0: 00000010 03e14d60 03e0ee00 015479c0 ....`M.......yT.
0x0188f7f0: 01549680 0000001c 0000001f 00000000 ..T.............
0x0188f800: 03e0ee00 03e4b770 05693a90 00000010 ....p....:i.....
0x0188f810: 00000000 0000000f 00000000 0188f8e0 ................
0x0188f820: 0188f914 0188f914 00a48795 0188f83c ............<...
0x0188f830: 0188f994 05693a90 05693a90 012d099c .....:i..:i...-.
0x0188f840: 012d09d8 0000004b 0000002f 05693ad8 ..-.K.../....:i.
0x0188f850: 0000000f 0000000f 03e4ba90 00000000 ................
0x0188f860: 012d09d8 0000004b 00000020 0000002f ..-.K... .../...
0x0188f870: 00000000 646e6957 5073776f 6579616c ....WindowsPlaye
0x0188f880: 00000072 0000000d 0000000f 00000000 r...............
0x0188f890: 352e3575 3366302e 0188f800 002604bb u5.5.0f3......&.
0x0188f8a0: 00000008 0000000f 00000000 03e0ee10 ................
0x0188f8b0: 012d09d8 0000004b 00000042 00000028 ..-.K...B...(...
0x0188f8c0: 0000002f 00000000 00000030 00000000 /.......0.......
0x0188f8d0: 00000020 05693ad8 00000042 00000000  ....:i.B.......
0x0188f8e0: 00000042 00000000 0188f8d0 05693ad8 B............:i.
0x0188f8f0: 00000020 0188f914 352e3500 3366302e  ........5.5.0f3
0x0188f900: 03ea1200 00000020 00000000 0000000f .... ...........
0x0188f910: 00000000 0188f91c 00a4747a 0188f958 ........zt..X...
0x0188f920: 00a48471 00000001 05693a90 00000010 q........:i.....
0x0188f930: 00000000 03ea12e0 03ea12e0 0188f950 ............P...
0x0188f940: 0052034a 00000024 0000002f 03e2e3c0 J.R.$.../.......
0x0188f950: 00000042 03e2e3c0 0188f9f8 00a4aaf9 B...............
0x0188f960: 0188f994 0188f978 00000000 05693a90 ....x........:i.
0x0188f970: 00176699 00000001 03ea1290 014260b0 .f...........`B.
0x0188f980: 00bcc8c4 0000000a 00000020 0000002f ........ .../...
0x0188f990: 00000000 03e4b590 03e0bba0 00000158 ............X...
0x0188f9a0: 01524670 00000024 0000002f 00000000 pFR.$.../.......
0x0188f9b0: 0188fa00 00000000 00000005 00000000 ................
0x0188f9c0: 00000000 0000000f 00000000 00000100 ................
0x0188f9d0: 00000000 0188fa49 002604bb 00000000 ....I.....&.....
0x0188f9e0: 0000000f 00000000 0188fa3c 0188fa00 ........<.......
0x0188f9f0: 05693a90 0188fa08 0188fa08 00a4ac88 .:i.............
0x0188fa00: 00000000 015522c4 0188fa24 00a4ad3f ....."U.$...?...
0x0188fa10: 00000001 10b34ee5 10b34ee5 00176699 .....N...N...f..
0x0188fa20: 00000000 0188fa58 00257b35 05693a90 ....X...5{%..:i.
0x0188fa30: 00000001 10b34ee5 10b34ee5 00176699 .....N...N...f..
0x0188fa40: 00000000 00007c2d 03e0bba0 00000000 ....-|..........
0x0188fa50: 015522c4 00000000 0188fac0 00a4705f ."U........._p..
0x0188fa60: 00000001 10b34ee5 10b34ee5 00176699 .....N...N...f..
0x0188fa70: 00000000 00000000 00000002 0154ec7c ............|.T.
0x0188fa80: 03ea1200 00000032 00536d95 012d40bc ....2....mS..@-.
0x0188fa90: 00000000 0000000f 00000000 03ea1200 ................
0x0188faa0: 0000001b 00000002 0188fac8 00000000 ................
0x0188fab0: 0000000f 00000000 04e85ea4 00000000 .........^......
0x0188fac0: 0188facc 00a4717a 00000001 0188faf4 ....zq..........
0x0188fad0: 0051b1a0 03e0bba0 ffffffc0 04e69070 ..Q.........p...
0x0188fae0: 00000002 04e68fa0 138f1cd0 04e69070 ............p...
0x0188faf0: 0154ec7c 0188fb68 0051b293 ffffffc0 |.T.h.....Q.....
0x0188fb00: 04e69070 00000002 04e68fa0 03ea6a20 p........... j..
0x0188fb10: 0051c0f5 015a3be8 04e68fa0 138f1cd0 ..Q..;Z.........
0x0188fb20: 015479c0 03ea6920 00000000 0188fb44 .yT. i......D...
0x0188fb30: 00258369 03ea6a20 00000000 00000000 i.%. j..........
0x0188fb40: 04e69014 0188fb54 002588c3 0188fb60 ....T.....%.`...
0x0188fb50: 00525fb1 00000022 04e68fa0 015a3be8 ._R."........;Z.
0x0188fb60: 04e68fa0 0051c308 0188fb9c 0051c316 ......Q.......Q.
0x0188fb70: 03e12d20 04e68fa0 0051cfa7 756b7bd3  -........Q..{ku
0x0188fb80: 03e12d20 00000001 756b7bd3 03e12d20  -.......{ku -..
0x0188fb90: 00000012 00000001 01e12d20 0188fbc0 ........ -......
0x0188fba0: 0051d0ec 00000002 01ffffff 756b7bd3 ..Q..........{ku
0x0188fbb0: 756c7044 00000004 00000001 015a3c1c Dplu.........<Z.
0x0188fbc0: 0188fbf4 00ae81fd 00ae8369 00000000 ........i.......
0x0188fbd0: 00000001 000a2bde 000000ff 00000000 .....+..........
0x0188fbe0: 00682b35 015a5038 00000410 000002ab 5+h.8PZ.........
0x0188fbf0: 00000724 0188fd2c 00aeae89 00000000 $...,...........
0x0188fc00: 00000000 fffde000 1c004143 01c0003f ........CA..?...
0x0188fc10: 000001ff 00000000 1c03c163 03c0003f ........c...?...
0x0188fc20: 00001fff 00000006 7fffffff 0188fc5c ............\...
0x0188fc30: 00bed26c 038f2648 01481510 0000000f l...H&....H.....
0x0188fc40: 03e073e0 7fffffff 00000000 01524670 .s..........pFR.
0x0188fc50: 00000039 0000003f 00000000 03e07380 9...?........s..
0x0188fc60: 00bec2d5 038f2648 01481510 0000003e ....H&....H.>...
0x0188fc70: 0000003f 00000000 03e07560 01524670 ?.......`u..pFR.
0x0188fc80: 038f1a18 038f07d0 0000003f 0000003f ........?...?...
0x0188fc90: 00000000 03e07680 01481510 0000000f .....v....H.....
0x0188fca0: 00000000 00000030 0000003f 00000000 ....0...?.......
0x0188fcb0: 6f6e6f00 6e6f6d2f 6c642e6f 0000006c .ono/mono.dll...
0x0188fcc0: 00000000 0000000f 00000000 03e07440 ............@t..
0x0188fcd0: 03e07478 03e07478 0000000d 65726100 xt..xt.......are
0x0188fce0: 5748746e 0000444e 0000001c 00000000 ntHWND..........
0x0188fcf0: 0000000f 00000000 01a513b0 65646900 .............ide
0x0188fd00: 646e6957 0100776f 00bc9a80 00000000 Window..........
0x0188fd10: 0000000f 00000000 00000000 01a513b0 ................
0x0188fd20: 01a51400 00000000 00100801 0188fd44 ............D...
0x0188fd30: 00b938f8 00240000 00000000 01b93992 .8....$......9..
0x0188fd40: 00000001 0188fdd4 00bd0698 00240000 ..............$.
0x0188fd50: 00000000 01b93992 00000001 d68a6888 .....9.......h..
0x0188fd60: 00000000 00000000 fffde000 00000044 ............D...
0x0188fd70: 01b923a2 01b92382 01b92322 00000000 .#...#.."#......
0x0188fd80: 00000000 00000000 00000000 00000000 ................
0x0188fd90: 00000000 00000000 00000001 00000001 ................
0x0188fda0: 00000000 00000000 0188fdd0 00be37ed .............7..
0x0188fdb0: c0000005 00000000 00000000 0188fd5c ............\...
0x0188fdc0: 0188f158 0188fe10 00bd20f0 d64d815c X........ ..\.M.
0x0188fdd0: 00000000 0188fde0 76da336a fffde000 ........j3.v....
0x0188fde0: 0188fe20 77b19902 fffde000 776c9c57  ......w....W.lw
0x0188fdf0: 00000000 00000000 fffde000 c0000005 ................
0x0188fe00: 76dc770f 76dc770f 0188fdec 0188f15c .w.v.w.v....\...
0x0188fe10: ffffffff 77b558c5 0154a457 00000000 .....X.wW.T.....
0x0188fe20: 0188fe38 77b198d5 00bd06eb fffde000 8......w........
0x0188fe30: 00000000 00000000 00000000 00000000 ................
0x0188fe40: 00bd06eb fffde000 00000000 00000000 ................
0x0188fe50: 00000000 00000000 00000000 00000000 ................
0x0188fe60: 00000000 00000000 00000000 00000000 ................
0x0188fe70: 00000000 00000000 00000000 00000000 ................
0x0188fe80: 00000000 00000000 00000000 00000000 ................
0x0188fe90: 00000000 00000000 00000000 00000000 ................
0x0188fea0: 00000000 00000000 00000000 00000000 ................
0x0188feb0: 00000000 00000000 00000000 00000000 ................
0x0188fec0: 00000000 00000000 00000000 00000000 ................
0x0188fed0: 00000000 00000000 00000000 00000000 ................
0x0188fee0: 00000000 00000000 00000000 00000000 ................
0x0188fef0: 00000000 00000000 00000000 00000000 ................
0x0188ff00: 00000000 00000000 00000000 00000000 ................
0x0188ff10: 00000000 00000000 00000000 00000000 ................
0x0188ff20: 00000000 00000000 00000000 00000000 ................
0x0188ff30: 00000000 00000000 00000000 00000000 ................
0x0188ff40: 00000000 00000000 00000000 00000000 ................
0x0188ff50: 00000000 00000000 00000000 00000000 ................
0x0188ff60: 00000000 00000000 00000000 00000000 ................
0x0188ff70: 00000000 00000000 00000000 00000000 ................
0x0188ff80: 00000000 00000000 00000000 00000000 ................
0x0188ff90: 00000000 00000000 00000000 00000000 ................
0x0188ffa0: 00000000 00000000 00000000 00000000 ................
0x0188ffb0: 00000000 00000000 00000000 00000000 ................
0x0188ffc0: 00000000 00000000 00000000 00000000 ................
0x0188ffd0: 00000000 00000000 00000000 00000000 ................
0x0188ffe0: 00000000 00000000 00000000 00000000 ................
0x0188fff0: 00000000 00000000 00000000 00000000 ................

Module 1
C:\Users\PC\Documents\ProjectY4\Build\build.exe
Image Base: 0x00240000  Image Size: 0x0153e000
File Size:  21323264    File Time:  2016-11-24_142802
Version:
   Company:    
   Product:    
   FileDesc:   
   FileVer:    5.5.0.46319
   ProdVer:    5.5.0.46319

Module 2
C:\Users\PC\Documents\ProjectY4\Build\build_Data\Mono\mono.dll
Image Base: 0x10000000  Image Size: 0x00231000
File Size:  2115008     File Time:  2016-11-24_150054
Version:
   Company:    Unity Technologies
   Product:    libmono
   FileDesc:   Unity Technologies fork of mono runtime
   FileVer:    1.0.0.1
   ProdVer:    1.0.0.1

Module 3
C:\Windows\system32\nvwgf2um.dll
Image Base: 0x63a90000  Image Size: 0x01085000
File Size:  17361976    File Time:  2016-11-17_020442
Version:
   Company:    NVIDIA Corporation
   Product:    NVIDIA D3D10 drivers
   FileDesc:   NVIDIA D3D10 Driver, Version 375.95 
   FileVer:    21.21.13.7595
   ProdVer:    21.21.13.7595

Module 4
C:\Windows\System32\PROPSYS.dll
Image Base: 0x668e0000  Image Size: 0x000f5000
File Size:  988160      File Time:  2010-11-21_032410
Version:
   Company:    Microsoft Corporation
   Product:    Windows® Search
   FileDesc:   Microsoft Property System
   FileVer:    7.0.7601.17514
   ProdVer:    7.0.7601.17514

Module 5
C:\Windows\System32\MMDevApi.dll
Image Base: 0x669e0000  Image Size: 0x00039000
File Size:  213504      File Time:  2010-11-21_032352
Version:
   Company:    Microsoft Corporation
   Product:    Microsoft® Windows® Operating System
   FileDesc:   MMDevice API
   FileVer:    6.1.7601.17514
   ProdVer:    6.1.7601.17514

Module 6
C:\Windows\system32\AUDIOSES.DLL
Image Base: 0x66a20000  Image Size: 0x00036000
File Size:  195072      File Time:  2016-06-14_152120
Version:
   Company:    Microsoft Corporation
   Product:    Microsoft® Windows® Operating System
   FileDesc:   Audio Session
   FileVer:    6.1.7601.23471
   ProdVer:    6.1.7601.23471

Module 7
C:\Windows\system32\OPENGL32.dll
Image Base: 0x69e30000  Image Size: 0x000c8000
File Size:  791552      File Time:  2009-07-14_011614
Version:
   Company:    Microsoft Corporation
   Product:    Microsoft® Windows® Operating System
   FileDesc:   OpenGL Client DLL
   FileVer:    6.1.7600.16385
   ProdVer:    6.1.7600.16385

Module 8
C:\Windows\system32\nvspcap.dll
Image Base: 0x6ac30000  Image Size: 0x00164000
File Size:  1454136     File Time:  2016-10-25_202108
Version:
   Company:    NVIDIA Corporation
   Product:    NVIDIA GeForce Experience
   FileDesc:   NVIDIA Capture Server Proxy
   FileVer:    3.1.0.52
   ProdVer:    3.1.0.52

Module 9
C:\Windows\system32\nvapi.dll
Image Base: 0x6bd00000  Image Size: 0x0037d000
File Size:  3479560     File Time:  2016-11-17_020442
Version:
   Company:    NVIDIA Corporation
   Product:    NVIDIA Windows drivers
   FileDesc:   NVIDIA NVAPI Library, Version 375.95 
   FileVer:    21.21.13.7595
   ProdVer:    21.21.13.7595

Module 10
C:\Windows\system32\webio.dll
Image Base: 0x6d1d0000  Image Size: 0x00050000
File Size:  316416      File Time:  2016-03-09_184018
Version:
   Company:    Microsoft Corporation
   Product:    Microsoft® Windows® Operating System
   FileDesc:   Web Transfer Protocols API
   FileVer:    6.1.7601.23375
   ProdVer:    6.1.7601.23375

Module 11
C:\Windows\system32\WINHTTP.dll
Image Base: 0x6d260000  Image Size: 0x00058000
File Size:  351744      File Time:  2016-05-11_151926
Version:
   Company:    Microsoft Corporation
   Product:    Microsoft® Windows® Operating System
   FileDesc:   Windows HTTP Services
   FileVer:    6.1.7601.23451
   ProdVer:    6.1.7601.23451

Module 12
C:\Windows\system32\RpcRtRemote.dll
Image Base: 0x6d2c0000  Image Size: 0x0000e000
File Size:  46080       File Time:  2010-11-21_032416
Version:
   Company:    Microsoft Corporation
   Product:    Microsoft® Windows® Operating System
   FileDesc:   Remote RPC Extension
   FileVer:    6.1.7601.17514
   ProdVer:    6.1.7601.17514

Module 13
C:\Windows\system32\rsaenh.dll
Image Base: 0x6d340000  Image Size: 0x0003b000
File Size:  242936      File Time:  2009-07-14_011756
Version:
   Company:    Microsoft Corporation
   Product:    Microsoft® Windows® Operating System
   FileDesc:   Microsoft Enhanced Cryptographic Provider
   FileVer:    6.1.7600.16385
   ProdVer:    6.1.7600.16385

Module 14
C:\Windows\system32\CRYPTSP.dll
Image Base: 0x6d380000  Image Size: 0x00017000
File Size:  80896       File Time:  2016-06-14_152122
Version:
   Company:    Microsoft Corporation
   Product:    Microsoft® Windows® Operating System
   FileDesc:   Cryptographic Service Provider API
   FileVer:    6.1.7601.23471
   ProdVer:    6.1.7601.23471

Module 15
C:\Windows\system32\WINMM.dll
Image Base: 0x6d670000  Image Size: 0x00032000
File Size:  194048      File Time:  2010-11-21_032418
Version:
   Company:    Microsoft Corporation
   Product:    Microsoft® Windows® Operating System
   FileDesc:   MCI API DLL
   FileVer:    6.1.7601.17514
   ProdVer:    6.1.7601.17514

Module 16
C:\Windows\system32\d3d11.dll
Image Base: 0x6ec30000  Image Size: 0x00175000
File Size:  1505280     File Time:  2016-04-18_224158
Version:
   Company:    Microsoft Corporation
   Product:    Microsoft® Windows® Operating System
   FileDesc:   Direct3D 11 Runtime
   FileVer:    6.2.9200.16570
   ProdVer:    6.2.9200.16570

Module 17
C:\Windows\system32\wbem\wbemsvc.dll
Image Base: 0x6f3b0000  Image Size: 0x0000f000
File Size:  47616       File Time:  2009-07-14_011618
Version:
   Company:    Microsoft Corporation
   Product:    Microsoft® Windows® Operating System
   FileDesc:   WMI
   FileVer:    6.1.7600.16385
   ProdVer:    6.1.7600.16385

Module 18
C:\Windows\system32\wbem\wbemprox.dll
Image Base: 0x6f3c0000  Image Size: 0x0000a000
File Size:  29184       File Time:  2009-07-14_011618
Version:
   Company:    Microsoft Corporation
   Product:    Microsoft® Windows® Operating System
   FileDesc:   WMI
   FileVer:    6.1.7600.16385
   ProdVer:    6.1.7600.16385

Module 19
C:\Windows\system32\DXGIDebug.dll
Image Base: 0x6f490000  Image Size: 0x0001d000
File Size:  117904      File Time:  2015-02-26_173244
Version:
   Company:    Microsoft Corporation
   Product:    Microsoft® DirectX for Windows®
   FileDesc:   DXGI Debug Binary
   FileVer:    9.30.9600.17336
   ProdVer:    9.30.9600.17336

Module 20
C:\Windows\system32\dxgi.dll
Image Base: 0x6f4b0000  Image Size: 0x0004c000
File Size:  293376      File Time:  2016-04-18_223336
Version:
   Company:    Microsoft Corporation
   Product:    Microsoft® Windows® Operating System
   FileDesc:   DirectX Graphics Infrastructure
   FileVer:    6.2.9200.16492
   ProdVer:    6.2.9200.16492

Module 21
C:\Windows\system32\dbghelp.dll
Image Base: 0x6f5b0000  Image Size: 0x000eb000
File Size:  854016      File Time:  2010-11-21_032410
Version:
   Company:    Microsoft Corporation
   Product:    Microsoft® Windows® Operating System
   FileDesc:   Windows Image Helper
   FileVer:    6.1.7601.17514
   ProdVer:    6.1.7601.17514

Module 22
C:\Windows\system32\HID.DLL
Image Base: 0x6fad0000  Image Size: 0x00009000
File Size:  22016       File Time:  2009-07-14_011526
Version:
   Company:    Microsoft Corporation
   Product:    Microsoft® Windows® Operating System
   FileDesc:   Hid User Library
   FileVer:    6.1.7600.16385
   ProdVer:    6.1.7600.16385

Module 23
C:\Windows\system32\midimap.dll
Image Base: 0x6fb60000  Image Size: 0x00007000
File Size:  16896       File Time:  2009-07-14_011542
Version:
   Company:    Microsoft Corporation
   Product:    Microsoft® Windows® Operating System
   FileDesc:   Microsoft MIDI Mapper
   FileVer:    6.1.7600.16385
   ProdVer:    6.1.7600.16385

Module 24
C:\Windows\system32\MSACM32.dll
Image Base: 0x6fb70000  Image Size: 0x00014000
File Size:  72192       File Time:  2009-07-14_011544
Version:
   Company:    Microsoft Corporation
   Product:    Microsoft® Windows® Operating System
   FileDesc:   Microsoft ACM Audio Filter
   FileVer:    6.1.7600.16385
   ProdVer:    6.1.7600.16385

Module 25
C:\Windows\system32\msacm32.drv
Image Base: 0x6fb90000  Image Size: 0x00008000
File Size:  20992       File Time:  2009-07-14_011410
Version:
   Company:    Microsoft Corporation
   Product:    Microsoft® Windows® Operating System
   FileDesc:   Microsoft Sound Mapper
   FileVer:    6.1.7600.16385
   ProdVer:    6.1.7600.16385

Module 26
C:\Windows\system32\wbem\fastprox.dll
Image Base: 0x6fba0000  Image Size: 0x00096000
File Size:  606208      File Time:  2010-11-21_032426
Version:
   Company:    Microsoft Corporation
   Product:    Microsoft® Windows® Operating System
   FileDesc:   WMI Custom Marshaller
   FileVer:    6.1.7601.17514
   ProdVer:    6.1.7601.17514

Module 27
C:\Windows\system32\NTDSAPI.dll
Image Base: 0x6fcd0000  Image Size: 0x00018000
File Size:  90112       File Time:  2009-07-14_011612
Version:
   Company:    Microsoft Corporation
   Product:    Microsoft® Windows® Operating System
   FileDesc:   Active Directory Domain Services API
   FileVer:    6.1.7600.16385
   ProdVer:    6.1.7600.16385

Module 28
C:\Windows\system32\wdmaud.drv
Image Base: 0x6fd00000  Image Size: 0x00030000
File Size:  172032      File Time:  2010-11-21_032402
Version:
   Company:    Microsoft Corporation
   Product:    Microsoft® Windows® Operating System
   FileDesc:   Winmm  audio system driver
   FileVer:    6.1.7601.17514
   ProdVer:    6.1.7601.17514

Module 29
C:\Windows\system32\AVRT.dll
Image Base: 0x70120000  Image Size: 0x00007000
File Size:  14336       File Time:  2009-07-14_011500
Version:
   Company:    Microsoft Corporation
   Product:    Microsoft® Windows® Operating System
   FileDesc:   Multimedia Realtime Runtime
   FileVer:    6.1.7600.16385
   ProdVer:    6.1.7600.16385

Module 30
C:\Windows\system32\ksuser.dll
Image Base: 0x70130000  Image Size: 0x00004000
File Size:  4608        File Time:  2016-04-18_232032
Version:
   Company:    Microsoft Corporation
   Product:    Microsoft® Windows® Operating System
   FileDesc:   User CSA Library
   FileVer:    6.1.7601.19091
   ProdVer:    6.1.7601.19091

Module 31
C:\Windows\system32\wbemcomn.dll
Image Base: 0x70140000  Image Size: 0x0005c000
File Size:  363008      File Time:  2010-11-21_032410
Version:
   Company:    Microsoft Corporation
   Product:    Microsoft® Windows® Operating System
   FileDesc:   WMI
   FileVer:    6.1.7601.17514
   ProdVer:    6.1.7601.17514

Module 32
C:\Windows\system32\dwmapi.dll
Image Base: 0x701d0000  Image Size: 0x00013000
File Size:  67584       File Time:  2016-04-18_231438
Version:
   Company:    Microsoft Corporation
   Product:    Microsoft® Windows® Operating System
   FileDesc:   Microsoft Desktop Window Manager API
   FileVer:    6.1.7601.18917
   ProdVer:    6.1.7601.18917

Module 33
C:\Windows\system32\DCIMAN32.dll
Image Base: 0x701f0000  Image Size: 0x00006000
File Size:  10240       File Time:  2016-11-02_151616
Version:
   Company:    Microsoft Corporation
   Product:    Microsoft® Windows® Operating System
   FileDesc:   DCI Manager
   FileVer:    6.1.7601.23587
   ProdVer:    6.1.7601.23587

Module 34
C:\Windows\system32\DDRAW.dll
Image Base: 0x70200000  Image Size: 0x000e7000
File Size:  531968      File Time:  2009-07-14_011512
Version:
   Company:    Microsoft Corporation
   Product:    Microsoft® Windows® Operating System
   FileDesc:   Microsoft DirectDraw
   FileVer:    6.1.7600.16385
   ProdVer:    6.1.7600.16385

Module 35
C:\Windows\SysWOW64\bcryptprimitives.dll
Image Base: 0x71c10000  Image Size: 0x0003d000
File Size:  249352      File Time:  2016-05-12_130456
Version:
   Company:    Microsoft Corporation
   Product:    Microsoft® Windows® Operating System
   FileDesc:   Windows Cryptographic Primitives Library
   FileVer:    6.1.7601.23451
   ProdVer:    6.1.7601.23451

Module 36
C:\Windows\System32\winrnr.dll
Image Base: 0x71dc0000  Image Size: 0x00008000
File Size:  20992       File Time:  2009-07-14_011620
Version:
   Company:    Microsoft Corporation
   Product:    Microsoft® Windows® Operating System
   FileDesc:   LDAP RnR Provider DLL
   FileVer:    6.1.7600.16385
   ProdVer:    6.1.7600.16385

Module 37
C:\Windows\system32\pnrpnsp.dll
Image Base: 0x71dd0000  Image Size: 0x00012000
File Size:  65024       File Time:  2009-07-14_011614
Version:
   Company:    Microsoft Corporation
   Product:    Microsoft® Windows® Operating System
   FileDesc:   PNRP Name Space Provider
   FileVer:    6.1.7600.16385
   ProdVer:    6.1.7600.16385

Module 38
C:\Windows\system32\napinsp.dll
Image Base: 0x71e30000  Image Size: 0x00010000
File Size:  52224       File Time:  2009-07-14_011604
Version:
   Company:    Microsoft Corporation
   Product:    Microsoft® Windows® Operating System
   FileDesc:   E-mail Naming Shim Provider
   FileVer:    6.1.7600.16385
   ProdVer:    6.1.7600.16385

Module 39
C:\Windows\WinSxS\x86_microsoft.windows.common-controls_6595b64144ccf1df_6.0.7601.18837_none_41e855142bd5705d\comctl32.dll
Image Base: 0x720b0000  Image Size: 0x0019e000
File Size:  1680896     File Time:  2016-04-18_231034
Version:
   Company:    Microsoft Corporation
   Product:    Microsoft® Windows® Operating System
   FileDesc:   User Experience Controls Library
   FileVer:    6.10.7601.18837
   ProdVer:    6.1.7601.18837

Module 40
C:\Windows\system32\NLAapi.dll
Image Base: 0x72250000  Image Size: 0x00010000
File Size:  52224       File Time:  2016-04-18_230520
Version:
   Company:    Microsoft Corporation
   Product:    Microsoft® Windows® Operating System
   FileDesc:   Network Location Awareness 2
   FileVer:    6.1.7601.18685
   ProdVer:    6.1.7601.18685

Module 41
C:\Windows\system32\bcrypt.dll
Image Base: 0x72290000  Image Size: 0x00017000
File Size:  80896       File Time:  2009-07-14_011122
Version:
   Company:    Microsoft Corporation
   Product:    Microsoft® Windows® Operating System
   FileDesc:   Windows Cryptographic Primitives Library (Wow64)
   FileVer:    6.1.7600.16385
   ProdVer:    6.1.7600.16385

Module 42
C:\Windows\system32\WTSAPI32.dll
Image Base: 0x72320000  Image Size: 0x0000d000
File Size:  40448       File Time:  2010-11-21_032356
Version:
   Company:    Microsoft Corporation
   Product:    Microsoft® Windows® Operating System
   FileDesc:   Windows Remote Desktop Session Host Server SDK APIs
   FileVer:    6.1.7601.17514
   ProdVer:    6.1.7601.17514

Module 43
C:\Windows\system32\uxtheme.dll
Image Base: 0x72370000  Image Size: 0x00080000
File Size:  245760      File Time:  2009-07-14_011126
Version:
   Company:    Microsoft Corporation
   Product:    Microsoft® Windows® Operating System
   FileDesc:   Microsoft UxTheme Library
   FileVer:    6.1.7600.16385
   ProdVer:    6.1.7600.16385

Module 44
C:\Windows\system32\VERSION.dll
Image Base: 0x73d20000  Image Size: 0x00009000
File Size:  21504       File Time:  2009-07-14_011618
Version:
   Company:    Microsoft Corporation
   Product:    Microsoft® Windows® Operating System
   FileDesc:   Version Checking and File Installation Libraries
   FileVer:    6.1.7600.16385
   ProdVer:    6.1.7600.16385

Module 45
C:\Windows\system32\DNSAPI.dll
Image Base: 0x73d30000  Image Size: 0x00044000
File Size:  270336      File Time:  2016-04-18_222730
Version:
   Company:    Microsoft Corporation
   Product:    Microsoft® Windows® Operating System
   FileDesc:   DNS Client API DLL
   FileVer:    6.1.7601.17570
   ProdVer:    6.1.7601.17570

Module 46
C:\Windows\system32\dhcpcsvc6.DLL
Image Base: 0x73d80000  Image Size: 0x0000d000
File Size:  44032       File Time:  2016-04-18_223848
Version:
   Company:    Microsoft Corporation
   Product:    Microsoft® Windows® Operating System
   FileDesc:   DHCPv6 Client
   FileVer:    6.1.7601.17970
   ProdVer:    6.1.7601.17970

Module 47
C:\Windows\system32\dhcpcsvc.DLL
Image Base: 0x73e10000  Image Size: 0x00012000
File Size:  61952       File Time:  2009-07-14_011512
Version:
   Company:    Microsoft Corporation
   Product:    Microsoft® Windows® Operating System
   FileDesc:   DHCP Client Service
   FileVer:    6.1.7600.16385
   ProdVer:    6.1.7600.16385

Module 48
C:\Windows\System32\wshtcpip.dll
Image Base: 0x73e40000  Image Size: 0x00005000
File Size:  9216        File Time:  2009-07-14_011622
Version:
   Company:    Microsoft Corporation
   Product:    Microsoft® Windows® Operating System
   FileDesc:   Winsock2 Helper DLL (TL/IPv4)
   FileVer:    6.1.7600.16385
   ProdVer:    6.1.7600.16385

Module 49
C:\Windows\system32\MSWSOCK.dll
Image Base: 0x73ea0000  Image Size: 0x0003c000
File Size:  231424      File Time:  2016-05-11_151918
Version:
   Company:    Microsoft Corporation
   Product:    Microsoft® Windows® Operating System
   FileDesc:   Microsoft Windows Sockets 2.0 Service Provider
   FileVer:    6.1.7601.23451
   ProdVer:    6.1.7601.23451

Module 50
C:\Windows\system32\WINNSI.DLL
Image Base: 0x73f70000  Image Size: 0x00007000
File Size:  16896       File Time:  2009-07-14_011620
Version:
   Company:    Microsoft Corporation
   Product:    Microsoft® Windows® Operating System
   FileDesc:   Network Store Information RPC interface
   FileVer:    6.1.7600.16385
   ProdVer:    6.1.7600.16385

Module 51
C:\Windows\system32\IPHLPAPI.DLL
Image Base: 0x73f80000  Image Size: 0x0001c000
File Size:  103936      File Time:  2010-11-21_032434
Version:
   Company:    Microsoft Corporation
   Product:    Microsoft® Windows® Operating System
   FileDesc:   IP Helper API
   FileVer:    6.1.7601.17514
   ProdVer:    6.1.7601.17514

Module 52
C:\Windows\system32\GLU32.dll
Image Base: 0x74060000  Image Size: 0x00022000
File Size:  130048      File Time:  2009-07-14_011524
Version:
   Company:    Microsoft Corporation
   Product:    Microsoft® Windows® Operating System
   FileDesc:   OpenGL Utility Library DLL
   FileVer:    6.1.7600.16385
   ProdVer:    6.1.7600.16385

Module 53
C:\Windows\syswow64\CRYPTBASE.dll
Image Base: 0x753c0000  Image Size: 0x0000c000
File Size:  36352       File Time:  2016-10-10_145004
Version:
   Company:    Microsoft Corporation
   Product:    Microsoft® Windows® Operating System
   FileDesc:   Base cryptographic API DLL
   FileVer:    6.1.7601.23571
   ProdVer:    6.1.7601.23571

Module 54
C:\Windows\syswow64\SspiCli.dll
Image Base: 0x753d0000  Image Size: 0x00060000
File Size:  96768       File Time:  2016-10-10_151626
Version:
   Company:    Microsoft Corporation
   Product:    Microsoft® Windows® Operating System
   FileDesc:   Security Support Provider Interface
   FileVer:    6.1.7601.23571
   ProdVer:    6.1.7601.23571

Module 55
C:\Windows\syswow64\USP10.dll
Image Base: 0x754c0000  Image Size: 0x0009d000
File Size:  627712      File Time:  2016-04-18_231918
Version:
   Company:    Microsoft Corporation
   Product:    Microsoft(R) Uniscribe Unicode script processor
   FileDesc:   Uniscribe Unicode script processor
   FileVer:    1.626.7601.19054
   ProdVer:    1.626.7601.19054

Module 56
C:\Windows\SysWOW64\sechost.dll
Image Base: 0x755f0000  Image Size: 0x00019000
File Size:  92160       File Time:  2015-05-25_180140
Version:
   Company:    Microsoft Corporation
   Product:    Microsoft® Windows® Operating System
   FileDesc:   Host for SCM/SDDL/LSA Lookup APIs
   FileVer:    6.1.7601.18869
   ProdVer:    6.1.7601.18869

Module 57
C:\Windows\syswow64\CLBCatQ.DLL
Image Base: 0x75610000  Image Size: 0x00083000
File Size:  522240      File Time:  2009-07-14_011504
Version:
   Company:    Microsoft Corporation
   Product:    Microsoft® Windows® Operating System
   FileDesc:   COM+ Configuration Catalog
   FileVer:    2001.12.8530.16385
   ProdVer:    6.1.7600.16385

Module 58
C:\Windows\syswow64\USER32.dll
Image Base: 0x756a0000  Image Size: 0x00100000
File Size:  833024      File Time:  2016-08-16_024816
Version:
   Company:    Microsoft Corporation
   Product:    Microsoft® Windows® Operating System
   FileDesc:   Multi-User Windows USER API Client DLL
   FileVer:    6.1.7601.23528
   ProdVer:    6.1.7601.23528

Module 59
C:\Windows\syswow64\msvcrt.dll
Image Base: 0x757a0000  Image Size: 0x000ac000
File Size:  690688      File Time:  2016-04-18_223236
Version:
   Company:    Microsoft Corporation
   Product:    Microsoft® Windows® Operating System
   FileDesc:   Windows NT CRT DLL
   FileVer:    7.0.7601.17744
   ProdVer:    6.1.8638.17744

Module 60
C:\Windows\syswow64\WS2_32.dll
Image Base: 0x75850000  Image Size: 0x00035000
File Size:  206336      File Time:  2016-05-11_151928
Version:
   Company:    Microsoft Corporation
   Product:    Microsoft® Windows® Operating System
   FileDesc:   Windows Socket 2.0 32-Bit DLL
   FileVer:    6.1.7601.23451
   ProdVer:    6.1.7601.23451

Module 61
C:\Windows\syswow64\NSI.dll
Image Base: 0x75890000  Image Size: 0x00006000
File Size:  8704        File Time:  2009-07-14_011612
Version:
   Company:    Microsoft Corporation
   Product:    Microsoft® Windows® Operating System
   FileDesc:   NSI User-mode interface DLL
   FileVer:    6.1.7600.16385
   ProdVer:    6.1.7600.16385

Module 62
C:\Windows\syswow64\IMM32.dll
Image Base: 0x75ae0000  Image Size: 0x00060000
File Size:  119808      File Time:  2010-11-21_032426
Version:
   Company:    Microsoft Corporation
   Product:    Microsoft® Windows® Operating System
   FileDesc:   Multi-User Windows IMM32 API Client DLL
   FileVer:    6.1.7601.17514
   ProdVer:    6.1.7601.17514

Module 63
C:\Windows\syswow64\WINTRUST.dll
Image Base: 0x75b40000  Image Size: 0x0002f000
File Size:  179200      File Time:  2016-06-14_152140
Version:
   Company:    Microsoft Corporation
   Product:    Microsoft® Windows® Operating System
   FileDesc:   Microsoft Trust Verification APIs
   FileVer:    6.1.7601.23471
   ProdVer:    6.1.7601.23471

Module 64
C:\Windows\syswow64\CRYPT32.dll
Image Base: 0x75b70000  Image Size: 0x00121000
File Size:  1176064     File Time:  2016-06-14_152122
Version:
   Company:    Microsoft Corporation
   Product:    Microsoft® Windows® Operating System
   FileDesc:   Crypto API32
   FileVer:    6.1.7601.23471
   ProdVer:    6.1.7601.23471

Module 65
C:\Windows\syswow64\profapi.dll
Image Base: 0x75ca0000  Image Size: 0x0000b000
File Size:  31744       File Time:  2009-07-14_011614
Version:
   Company:    Microsoft Corporation
   Product:    Microsoft® Windows® Operating System
   FileDesc:   User Profile Basic API
   FileVer:    6.1.7600.16385
   ProdVer:    6.1.7600.16385

Module 66
C:\Windows\syswow64\ADVAPI32.dll
Image Base: 0x75cb0000  Image Size: 0x000a1000
File Size:  644096      File Time:  2016-10-07_151240
Version:
   Company:    Microsoft Corporation
   Product:    Microsoft® Windows® Operating System
   FileDesc:   Advanced Windows 32 Base API
   FileVer:    6.1.7601.23569
   ProdVer:    6.1.7601.23569

Module 67
C:\Windows\syswow64\SHLWAPI.dll
Image Base: 0x75d70000  Image Size: 0x00057000
File Size:  350208      File Time:  2010-11-21_032350
Version:
   Company:    Microsoft Corporation
   Product:    Microsoft® Windows® Operating System
   FileDesc:   Shell Light-weight Utility Library
   FileVer:    6.1.7601.17514
   ProdVer:    6.1.7601.17514

Module 68
C:\Windows\syswow64\DEVOBJ.dll
Image Base: 0x75dd0000  Image Size: 0x00012000
File Size:  64512       File Time:  2016-04-18_222854
Version:
   Company:    Microsoft Corporation
   Product:    Microsoft® Windows® Operating System
   FileDesc:   Device Information Set DLL
   FileVer:    6.1.7601.17621
   ProdVer:    6.1.7601.17621

Module 69
C:\Windows\syswow64\GDI32.dll
Image Base: 0x75e40000  Image Size: 0x00090000
File Size:  312832      File Time:  2016-05-18_161024
Version:
   Company:    Microsoft Corporation
   Product:    Microsoft® Windows® Operating System
   FileDesc:   GDI Client DLL
   FileVer:    6.1.7601.23457
   ProdVer:    6.1.7601.23457

Module 70
C:\Windows\syswow64\SHELL32.dll
Image Base: 0x75ed0000  Image Size: 0x00c4c000
File Size:  12880384    File Time:  2016-08-29_151252
Version:
   Company:    Microsoft Corporation
   Product:    Microsoft® Windows® Operating System
   FileDesc:   Windows Shell Common Dll
   FileVer:    6.1.7601.23537
   ProdVer:    6.1.7601.23537

Module 71
C:\Windows\syswow64\MSCTF.dll
Image Base: 0x76b20000  Image Size: 0x000cd000
File Size:  829952      File Time:  2016-10-11_151830
Version:
   Company:    Microsoft Corporation
   Product:    Microsoft® Windows® Operating System
   FileDesc:   MSCTF Server DLL
   FileVer:    6.1.7601.23572
   ProdVer:    6.1.7601.23572

Module 72
C:\Windows\syswow64\RPCRT4.dll
Image Base: 0x76bf0000  Image Size: 0x000f0000
File Size:  666112      File Time:  2016-10-10_151626
Version:
   Company:    Microsoft Corporation
   Product:    Microsoft® Windows® Operating System
   FileDesc:   Remote Procedure Call Runtime
   FileVer:    6.1.7601.23571
   ProdVer:    6.1.7601.23571

Module 73
C:\Windows\syswow64\LPK.dll
Image Base: 0x76ce0000  Image Size: 0x0000a000
File Size:  25600       File Time:  2016-11-02_151632
Version:
   Company:    Microsoft Corporation
   Product:    Microsoft® Windows® Operating System
   FileDesc:   Language Pack
   FileVer:    6.1.7601.23587
   ProdVer:    6.1.7601.23587

Module 74
C:\Windows\syswow64\OLEAUT32.dll
Image Base: 0x76cf0000  Image Size: 0x00091000
File Size:  581632      File Time:  2016-10-07_151250
Version:
   Company:    Microsoft Corporation
   Product:    
   FileDesc:   
   FileVer:    6.1.7601.23569
   ProdVer:    6.1.7601.23569

Module 75
C:\Windows\syswow64\kernel32.dll
Image Base: 0x76d90000  Image Size: 0x00110000
File Size:  1114112     File Time:  2016-10-07_151258
Version:
   Company:    Microsoft Corporation
   Product:    Microsoft® Windows® Operating System
   FileDesc:   Windows NT BASE API Client DLL
   FileVer:    6.1.7601.23569
   ProdVer:    6.1.7601.23569

Module 76
C:\Windows\syswow64\SETUPAPI.dll
Image Base: 0x77110000  Image Size: 0x0019d000
File Size:  1667584     File Time:  2010-11-21_032352
Version:
   Company:    Microsoft Corporation
   Product:    Microsoft® Windows® Operating System
   FileDesc:   Windows Setup API
   FileVer:    6.1.7601.17514
   ProdVer:    6.1.7601.17514

Module 77
C:\Windows\syswow64\CFGMGR32.dll
Image Base: 0x772b0000  Image Size: 0x00027000
File Size:  145920      File Time:  2016-04-18_222854
Version:
   Company:    Microsoft Corporation
   Product:    Microsoft® Windows® Operating System
   FileDesc:   Configuration Manager DLL
   FileVer:    6.1.7601.17621
   ProdVer:    6.1.7601.17621

Module 78
C:\Windows\syswow64\MSASN1.dll
Image Base: 0x772f0000  Image Size: 0x0000c000
File Size:  34304       File Time:  2010-11-21_032350
Version:
   Company:    Microsoft Corporation
   Product:    Microsoft® Windows® Operating System
   FileDesc:   ASN.1 Runtime APIs
   FileVer:    6.1.7601.17514
   ProdVer:    6.1.7601.17514

Module 79
C:\Windows\syswow64\KERNELBASE.dll
Image Base: 0x77350000  Image Size: 0x00047000
File Size:  275456      File Time:  2016-10-07_151258
Version:
   Company:    Microsoft Corporation
   Product:    Microsoft® Windows® Operating System
   FileDesc:   Windows NT BASE API Client DLL
   FileVer:    6.1.7601.23569
   ProdVer:    6.1.7601.23569

Module 80
C:\Windows\syswow64\ole32.dll
Image Base: 0x773b0000  Image Size: 0x0015d000
File Size:  1414144     File Time:  2016-04-18_232808
Version:
   Company:    Microsoft Corporation
   Product:    Microsoft® Windows® Operating System
   FileDesc:   Microsoft OLE for Windows
   FileVer:    6.1.7601.23392
   ProdVer:    6.1.7601.23392

Module 81
C:\Windows\syswow64\PSAPI.DLL
Image Base: 0x77510000  Image Size: 0x00005000
File Size:  6144        File Time:  2009-07-14_011614
Version:
   Company:    Microsoft Corporation
   Product:    Microsoft® Windows® Operating System
   FileDesc:   Process Status Helper
   FileVer:    6.1.7600.16385
   ProdVer:    6.1.7600.16385

Module 82
C:\Windows\SysWOW64\ntdll.dll
Image Base: 0x77ae0000  Image Size: 0x00180000
File Size:  1314112     File Time:  2016-10-07_151548
Version:
   Company:    Microsoft Corporation
   Product:    Microsoft® Windows® Operating System
   FileDesc:   NT Layer DLL
   FileVer:    6.1.7601.23569
   ProdVer:    6.1.7601.23569


== [end of error.log] ==
